{"D:\\Desktop\\CEDT Course\\Software Engineer\\BE-SE project\\config\\timezone.js": {"path":"D:\\Desktop\\CEDT Course\\Software Engineer\\BE-SE project\\config\\timezone.js","statementMap":{"0":{"start":{"line":1,"column":25},"end":{"line":1,"column":39}},"1":{"start":{"line":2,"column":23},"end":{"line":2,"column":31}},"2":{"start":{"line":4,"column":26},"end":{"line":4,"column":47}},"3":{"start":{"line":5,"column":36},"end":{"line":5,"column":94}},"4":{"start":{"line":7,"column":27},"end":{"line":9,"column":1}},"5":{"start":{"line":8,"column":4},"end":{"line":8,"column":38}},"6":{"start":{"line":11,"column":27},"end":{"line":44,"column":1}},"7":{"start":{"line":12,"column":4},"end":{"line":14,"column":5}},"8":{"start":{"line":13,"column":8},"end":{"line":13,"column":20}},"9":{"start":{"line":16,"column":4},"end":{"line":18,"column":5}},"10":{"start":{"line":17,"column":8},"end":{"line":17,"column":70}},"11":{"start":{"line":20,"column":4},"end":{"line":23,"column":5}},"12":{"start":{"line":21,"column":31},"end":{"line":21,"column":46}},"13":{"start":{"line":22,"column":8},"end":{"line":22,"column":78}},"14":{"start":{"line":25,"column":4},"end":{"line":27,"column":5}},"15":{"start":{"line":26,"column":8},"end":{"line":26,"column":20}},"16":{"start":{"line":29,"column":25},"end":{"line":29,"column":37}},"17":{"start":{"line":30,"column":4},"end":{"line":32,"column":5}},"18":{"start":{"line":31,"column":8},"end":{"line":31,"column":20}},"19":{"start":{"line":35,"column":26},"end":{"line":35,"column":38}},"20":{"start":{"line":36,"column":4},"end":{"line":40,"column":5}},"21":{"start":{"line":37,"column":8},"end":{"line":37,"column":70}},"22":{"start":{"line":38,"column":11},"end":{"line":40,"column":5}},"23":{"start":{"line":39,"column":8},"end":{"line":39,"column":61}},"24":{"start":{"line":42,"column":23},"end":{"line":42,"column":48}},"25":{"start":{"line":43,"column":4},"end":{"line":43,"column":66}},"26":{"start":{"line":46,"column":15},"end":{"line":46,"column":31}},"27":{"start":{"line":46,"column":21},"end":{"line":46,"column":31}},"28":{"start":{"line":48,"column":0},"end":{"line":53,"column":2}}},"fnMap":{"0":{"name":"(anonymous_0)","decl":{"start":{"line":7,"column":27},"end":{"line":7,"column":28}},"loc":{"start":{"line":7,"column":33},"end":{"line":9,"column":1}},"line":7},"1":{"name":"(anonymous_1)","decl":{"start":{"line":11,"column":27},"end":{"line":11,"column":28}},"loc":{"start":{"line":11,"column":38},"end":{"line":44,"column":1}},"line":11},"2":{"name":"(anonymous_2)","decl":{"start":{"line":46,"column":15},"end":{"line":46,"column":16}},"loc":{"start":{"line":46,"column":21},"end":{"line":46,"column":31}},"line":46}},"branchMap":{"0":{"loc":{"start":{"line":12,"column":4},"end":{"line":14,"column":5}},"type":"if","locations":[{"start":{"line":12,"column":4},"end":{"line":14,"column":5}},{"start":{},"end":{}}],"line":12},"1":{"loc":{"start":{"line":12,"column":8},"end":{"line":12,"column":61}},"type":"binary-expr","locations":[{"start":{"line":12,"column":8},"end":{"line":12,"column":27}},{"start":{"line":12,"column":31},"end":{"line":12,"column":45}},{"start":{"line":12,"column":49},"end":{"line":12,"column":61}}],"line":12},"2":{"loc":{"start":{"line":16,"column":4},"end":{"line":18,"column":5}},"type":"if","locations":[{"start":{"line":16,"column":4},"end":{"line":18,"column":5}},{"start":{},"end":{}}],"line":16},"3":{"loc":{"start":{"line":17,"column":15},"end":{"line":17,"column":69}},"type":"cond-expr","locations":[{"start":{"line":17,"column":47},"end":{"line":17,"column":51}},{"start":{"line":17,"column":54},"end":{"line":17,"column":69}}],"line":17},"4":{"loc":{"start":{"line":20,"column":4},"end":{"line":23,"column":5}},"type":"if","locations":[{"start":{"line":20,"column":4},"end":{"line":23,"column":5}},{"start":{},"end":{}}],"line":20},"5":{"loc":{"start":{"line":22,"column":15},"end":{"line":22,"column":77}},"type":"cond-expr","locations":[{"start":{"line":22,"column":56},"end":{"line":22,"column":60}},{"start":{"line":22,"column":63},"end":{"line":22,"column":77}}],"line":22},"6":{"loc":{"start":{"line":25,"column":4},"end":{"line":27,"column":5}},"type":"if","locations":[{"start":{"line":25,"column":4},"end":{"line":27,"column":5}},{"start":{},"end":{}}],"line":25},"7":{"loc":{"start":{"line":30,"column":4},"end":{"line":32,"column":5}},"type":"if","locations":[{"start":{"line":30,"column":4},"end":{"line":32,"column":5}},{"start":{},"end":{}}],"line":30},"8":{"loc":{"start":{"line":36,"column":4},"end":{"line":40,"column":5}},"type":"if","locations":[{"start":{"line":36,"column":4},"end":{"line":40,"column":5}},{"start":{"line":38,"column":11},"end":{"line":40,"column":5}}],"line":36},"9":{"loc":{"start":{"line":38,"column":11},"end":{"line":40,"column":5}},"type":"if","locations":[{"start":{"line":38,"column":11},"end":{"line":40,"column":5}},{"start":{},"end":{}}],"line":38},"10":{"loc":{"start":{"line":43,"column":11},"end":{"line":43,"column":65}},"type":"cond-expr","locations":[{"start":{"line":43,"column":48},"end":{"line":43,"column":52}},{"start":{"line":43,"column":55},"end":{"line":43,"column":65}}],"line":43}},"s":{"0":1,"1":1,"2":1,"3":1,"4":1,"5":0,"6":1,"7":0,"8":0,"9":0,"10":0,"11":0,"12":0,"13":0,"14":0,"15":0,"16":0,"17":0,"18":0,"19":0,"20":0,"21":0,"22":0,"23":0,"24":0,"25":0,"26":1,"27":0,"28":1},"f":{"0":0,"1":0,"2":0},"b":{"0":[0,0],"1":[0,0,0],"2":[0,0],"3":[0,0],"4":[0,0],"5":[0,0],"6":[0,0],"7":[0,0],"8":[0,0],"9":[0,0],"10":[0,0]},"_coverageSchema":"1a1c01bbd47fc00a2c39e90264f33305004495a9","hash":"584a4298e9713df0eb254a1e832457797c21f544"}
,"D:\\Desktop\\CEDT Course\\Software Engineer\\BE-SE project\\controllers\\reviews.js": {"path":"D:\\Desktop\\CEDT Course\\Software Engineer\\BE-SE project\\controllers\\reviews.js","statementMap":{"0":{"start":{"line":1,"column":17},"end":{"line":1,"column":36}},"1":{"start":{"line":2,"column":20},"end":{"line":2,"column":52}},"2":{"start":{"line":3,"column":15},"end":{"line":3,"column":42}},"3":{"start":{"line":4,"column":19},"end":{"line":4,"column":48}},"4":{"start":{"line":6,"column":28},"end":{"line":8,"column":1}},"5":{"start":{"line":7,"column":4},"end":{"line":7,"column":134}},"6":{"start":{"line":10,"column":36},"end":{"line":41,"column":1}},"7":{"start":{"line":11,"column":27},"end":{"line":11,"column":81}},"8":{"start":{"line":13,"column":4},"end":{"line":17,"column":5}},"9":{"start":{"line":14,"column":22},"end":{"line":14,"column":77}},"10":{"start":{"line":15,"column":8},"end":{"line":15,"column":31}},"11":{"start":{"line":16,"column":8},"end":{"line":16,"column":20}},"12":{"start":{"line":19,"column":19},"end":{"line":19,"column":38}},"13":{"start":{"line":20,"column":26},"end":{"line":25,"column":5}},"14":{"start":{"line":27,"column":4},"end":{"line":38,"column":5}},"15":{"start":{"line":28,"column":8},"end":{"line":32,"column":9}},"16":{"start":{"line":29,"column":26},"end":{"line":29,"column":63}},"17":{"start":{"line":30,"column":12},"end":{"line":30,"column":35}},"18":{"start":{"line":31,"column":12},"end":{"line":31,"column":24}},"19":{"start":{"line":34,"column":31},"end":{"line":34,"column":45}},"20":{"start":{"line":35,"column":8},"end":{"line":37,"column":9}},"21":{"start":{"line":36,"column":12},"end":{"line":36,"column":51}},"22":{"start":{"line":40,"column":4},"end":{"line":40,"column":40}},"23":{"start":{"line":47,"column":0},"end":{"line":88,"column":2}},"24":{"start":{"line":48,"column":4},"end":{"line":87,"column":5}},"25":{"start":{"line":49,"column":64},"end":{"line":49,"column":72}},"26":{"start":{"line":51,"column":8},"end":{"line":53,"column":9}},"27":{"start":{"line":52,"column":12},"end":{"line":52,"column":104}},"28":{"start":{"line":55,"column":8},"end":{"line":57,"column":9}},"29":{"start":{"line":56,"column":12},"end":{"line":56,"column":110}},"30":{"start":{"line":59,"column":8},"end":{"line":61,"column":9}},"31":{"start":{"line":60,"column":12},"end":{"line":60,"column":125}},"32":{"start":{"line":63,"column":28},"end":{"line":63,"column":69}},"33":{"start":{"line":65,"column":8},"end":{"line":67,"column":9}},"34":{"start":{"line":66,"column":12},"end":{"line":66,"column":119}},"35":{"start":{"line":69,"column":8},"end":{"line":71,"column":9}},"36":{"start":{"line":70,"column":12},"end":{"line":70,"column":137}},"37":{"start":{"line":73,"column":23},"end":{"line":78,"column":10}},"38":{"start":{"line":80,"column":8},"end":{"line":80,"column":62}},"39":{"start":{"line":82,"column":8},"end":{"line":82,"column":27}},"40":{"start":{"line":83,"column":8},"end":{"line":86,"column":11}},"41":{"start":{"line":343,"column":0},"end":{"line":358,"column":2}},"42":{"start":{"line":344,"column":4},"end":{"line":357,"column":5}},"43":{"start":{"line":345,"column":23},"end":{"line":347,"column":67}},"44":{"start":{"line":349,"column":8},"end":{"line":351,"column":9}},"45":{"start":{"line":350,"column":12},"end":{"line":350,"column":120}},"46":{"start":{"line":353,"column":8},"end":{"line":353,"column":62}},"47":{"start":{"line":355,"column":8},"end":{"line":355,"column":27}},"48":{"start":{"line":356,"column":8},"end":{"line":356,"column":86}},"49":{"start":{"line":360,"column":0},"end":{"line":360,"column":66}}},"fnMap":{"0":{"name":"(anonymous_0)","decl":{"start":{"line":6,"column":28},"end":{"line":6,"column":29}},"loc":{"start":{"line":6,"column":45},"end":{"line":8,"column":1}},"line":6},"1":{"name":"(anonymous_1)","decl":{"start":{"line":10,"column":36},"end":{"line":10,"column":37}},"loc":{"start":{"line":10,"column":93},"end":{"line":41,"column":1}},"line":10},"2":{"name":"(anonymous_2)","decl":{"start":{"line":47,"column":23},"end":{"line":47,"column":24}},"loc":{"start":{"line":47,"column":49},"end":{"line":88,"column":1}},"line":47},"3":{"name":"(anonymous_3)","decl":{"start":{"line":343,"column":20},"end":{"line":343,"column":21}},"loc":{"start":{"line":343,"column":46},"end":{"line":358,"column":1}},"line":343}},"branchMap":{"0":{"loc":{"start":{"line":7,"column":11},"end":{"line":7,"column":133}},"type":"binary-expr","locations":[{"start":{"line":7,"column":11},"end":{"line":7,"column":36}},{"start":{"line":7,"column":40},"end":{"line":7,"column":77}},{"start":{"line":7,"column":81},"end":{"line":7,"column":105}},{"start":{"line":7,"column":109},"end":{"line":7,"column":133}}],"line":7},"1":{"loc":{"start":{"line":13,"column":4},"end":{"line":17,"column":5}},"type":"if","locations":[{"start":{"line":13,"column":4},"end":{"line":17,"column":5}},{"start":{},"end":{}}],"line":13},"2":{"loc":{"start":{"line":27,"column":4},"end":{"line":38,"column":5}},"type":"if","locations":[{"start":{"line":27,"column":4},"end":{"line":38,"column":5}},{"start":{},"end":{}}],"line":27},"3":{"loc":{"start":{"line":28,"column":8},"end":{"line":32,"column":9}},"type":"if","locations":[{"start":{"line":28,"column":8},"end":{"line":32,"column":9}},{"start":{},"end":{}}],"line":28},"4":{"loc":{"start":{"line":35,"column":8},"end":{"line":37,"column":9}},"type":"if","locations":[{"start":{"line":35,"column":8},"end":{"line":37,"column":9}},{"start":{},"end":{}}],"line":35},"5":{"loc":{"start":{"line":51,"column":8},"end":{"line":53,"column":9}},"type":"if","locations":[{"start":{"line":51,"column":8},"end":{"line":53,"column":9}},{"start":{},"end":{}}],"line":51},"6":{"loc":{"start":{"line":55,"column":8},"end":{"line":57,"column":9}},"type":"if","locations":[{"start":{"line":55,"column":8},"end":{"line":57,"column":9}},{"start":{},"end":{}}],"line":55},"7":{"loc":{"start":{"line":59,"column":8},"end":{"line":61,"column":9}},"type":"if","locations":[{"start":{"line":59,"column":8},"end":{"line":61,"column":9}},{"start":{},"end":{}}],"line":59},"8":{"loc":{"start":{"line":65,"column":8},"end":{"line":67,"column":9}},"type":"if","locations":[{"start":{"line":65,"column":8},"end":{"line":67,"column":9}},{"start":{},"end":{}}],"line":65},"9":{"loc":{"start":{"line":69,"column":8},"end":{"line":71,"column":9}},"type":"if","locations":[{"start":{"line":69,"column":8},"end":{"line":71,"column":9}},{"start":{},"end":{}}],"line":69},"10":{"loc":{"start":{"line":83,"column":26},"end":{"line":83,"column":49}},"type":"binary-expr","locations":[{"start":{"line":83,"column":26},"end":{"line":83,"column":42}},{"start":{"line":83,"column":46},"end":{"line":83,"column":49}}],"line":83},"11":{"loc":{"start":{"line":85,"column":21},"end":{"line":85,"column":60}},"type":"binary-expr","locations":[{"start":{"line":85,"column":21},"end":{"line":85,"column":34}},{"start":{"line":85,"column":38},"end":{"line":85,"column":60}}],"line":85},"12":{"loc":{"start":{"line":349,"column":8},"end":{"line":351,"column":9}},"type":"if","locations":[{"start":{"line":349,"column":8},"end":{"line":351,"column":9}},{"start":{},"end":{}}],"line":349}},"s":{"0":1,"1":1,"2":1,"3":1,"4":1,"5":10,"6":1,"7":5,"8":5,"9":1,"10":1,"11":1,"12":4,"13":4,"14":4,"15":3,"16":1,"17":1,"18":1,"19":2,"20":2,"21":1,"22":3,"23":1,"24":12,"25":12,"26":12,"27":1,"28":11,"29":1,"30":10,"31":1,"32":9,"33":7,"34":1,"35":6,"36":1,"37":5,"38":3,"39":4,"40":4,"41":1,"42":3,"43":3,"44":2,"45":1,"46":1,"47":1,"48":1,"49":1},"f":{"0":10,"1":5,"2":12,"3":3},"b":{"0":[10,10,10,10],"1":[1,4],"2":[3,1],"3":[1,2],"4":[1,1],"5":[1,11],"6":[1,10],"7":[1,9],"8":[1,6],"9":[1,5],"10":[4,2],"11":[4,1],"12":[1,1]},"_coverageSchema":"1a1c01bbd47fc00a2c39e90264f33305004495a9","hash":"dacb1760aa416c4e7acb03fb1a1f13f9faa89b42"}
,"D:\\Desktop\\CEDT Course\\Software Engineer\\BE-SE project\\models\\Reservation.js": {"path":"D:\\Desktop\\CEDT Course\\Software Engineer\\BE-SE project\\models\\Reservation.js","statementMap":{"0":{"start":{"line":1,"column":17},"end":{"line":1,"column":36}},"1":{"start":{"line":2,"column":0},"end":{"line":2,"column":20}},"2":{"start":{"line":5,"column":26},"end":{"line":47,"column":2}},"3":{"start":{"line":49,"column":0},"end":{"line":51,"column":3}},"4":{"start":{"line":50,"column":4},"end":{"line":50,"column":68}},"5":{"start":{"line":53,"column":0},"end":{"line":53,"column":66}}},"fnMap":{"0":{"name":"(anonymous_0)","decl":{"start":{"line":49,"column":70},"end":{"line":49,"column":71}},"loc":{"start":{"line":49,"column":88},"end":{"line":51,"column":1}},"line":49}},"branchMap":{},"s":{"0":1,"1":1,"2":1,"3":1,"4":0,"5":1},"f":{"0":0},"b":{},"_coverageSchema":"1a1c01bbd47fc00a2c39e90264f33305004495a9","hash":"ad8b07e0646456df5cbb1e2a65f2fb3b26bd7628"}
,"D:\\Desktop\\CEDT Course\\Software Engineer\\BE-SE project\\models\\Review.js": {"path":"D:\\Desktop\\CEDT Course\\Software Engineer\\BE-SE project\\models\\Review.js","statementMap":{"0":{"start":{"line":1,"column":17},"end":{"line":1,"column":36}},"1":{"start":{"line":3,"column":21},"end":{"line":37,"column":1}},"2":{"start":{"line":40,"column":0},"end":{"line":40,"column":57}},"3":{"start":{"line":42,"column":0},"end":{"line":74,"column":2}},"4":{"start":{"line":43,"column":4},"end":{"line":73,"column":5}},"5":{"start":{"line":44,"column":20},"end":{"line":56,"column":10}},"6":{"start":{"line":58,"column":8},"end":{"line":70,"column":9}},"7":{"start":{"line":59,"column":12},"end":{"line":63,"column":15}},"8":{"start":{"line":65,"column":12},"end":{"line":69,"column":15}},"9":{"start":{"line":72,"column":8},"end":{"line":72,"column":27}},"10":{"start":{"line":76,"column":0},"end":{"line":78,"column":3}},"11":{"start":{"line":77,"column":4},"end":{"line":77,"column":58}},"12":{"start":{"line":80,"column":0},"end":{"line":82,"column":3}},"13":{"start":{"line":81,"column":4},"end":{"line":81,"column":58}},"14":{"start":{"line":84,"column":15},"end":{"line":84,"column":53}},"15":{"start":{"line":86,"column":0},"end":{"line":86,"column":24}}},"fnMap":{"0":{"name":"(anonymous_0)","decl":{"start":{"line":42,"column":40},"end":{"line":42,"column":41}},"loc":{"start":{"line":42,"column":67},"end":{"line":74,"column":1}},"line":42},"1":{"name":"(anonymous_1)","decl":{"start":{"line":76,"column":26},"end":{"line":76,"column":27}},"loc":{"start":{"line":76,"column":44},"end":{"line":78,"column":1}},"line":76},"2":{"name":"(anonymous_2)","decl":{"start":{"line":80,"column":65},"end":{"line":80,"column":66}},"loc":{"start":{"line":80,"column":83},"end":{"line":82,"column":1}},"line":80}},"branchMap":{"0":{"loc":{"start":{"line":58,"column":8},"end":{"line":70,"column":9}},"type":"if","locations":[{"start":{"line":58,"column":8},"end":{"line":70,"column":9}},{"start":{"line":64,"column":15},"end":{"line":70,"column":9}}],"line":58}},"s":{"0":1,"1":1,"2":1,"3":1,"4":0,"5":0,"6":0,"7":0,"8":0,"9":0,"10":1,"11":0,"12":1,"13":0,"14":1,"15":1},"f":{"0":0,"1":0,"2":0},"b":{"0":[0,0]},"_coverageSchema":"1a1c01bbd47fc00a2c39e90264f33305004495a9","hash":"b18901249787c0a0e93f45504f1eb2edd1f6dd4e"}
}
