TN:
SF:config\timezone.js
FN:7,(anonymous_0)
FN:11,(anonymous_1)
FN:46,(anonymous_2)
FNF:3
FNH:0
FNDA:0,(anonymous_0)
FNDA:0,(anonymous_1)
FNDA:0,(anonymous_2)
DA:1,1
DA:2,1
DA:4,1
DA:5,1
DA:7,1
DA:8,0
DA:11,1
DA:12,0
DA:13,0
DA:16,0
DA:17,0
DA:20,0
DA:21,0
DA:22,0
DA:25,0
DA:26,0
DA:29,0
DA:30,0
DA:31,0
DA:35,0
DA:36,0
DA:37,0
DA:38,0
DA:39,0
DA:42,0
DA:43,0
DA:46,1
DA:48,1
LF:28
LH:8
BRDA:12,0,0,0
BRDA:12,0,1,0
BRDA:12,1,0,0
BRDA:12,1,1,0
BRDA:12,1,2,0
BRDA:16,2,0,0
BRDA:16,2,1,0
BRDA:17,3,0,0
BRDA:17,3,1,0
BRDA:20,4,0,0
BRDA:20,4,1,0
BRDA:22,5,0,0
BRDA:22,5,1,0
BRDA:25,6,0,0
BRDA:25,6,1,0
BRDA:30,7,0,0
BRDA:30,7,1,0
BRDA:36,8,0,0
BRDA:36,8,1,0
BRDA:38,9,0,0
BRDA:38,9,1,0
BRDA:43,10,0,0
BRDA:43,10,1,0
BRF:23
BRH:0
end_of_record
TN:
SF:controllers\reviews.js
FN:6,(anonymous_0)
FN:10,(anonymous_1)
FN:47,(anonymous_2)
FN:343,(anonymous_3)
FNF:4
FNH:4
FNDA:10,(anonymous_0)
FNDA:5,(anonymous_1)
FNDA:12,(anonymous_2)
FNDA:3,(anonymous_3)
DA:1,1
DA:2,1
DA:3,1
DA:4,1
DA:6,1
DA:7,10
DA:10,1
DA:11,5
DA:13,5
DA:14,1
DA:15,1
DA:16,1
DA:19,4
DA:20,4
DA:27,4
DA:28,3
DA:29,1
DA:30,1
DA:31,1
DA:34,2
DA:35,2
DA:36,1
DA:40,3
DA:47,1
DA:48,12
DA:49,12
DA:51,12
DA:52,1
DA:55,11
DA:56,1
DA:59,10
DA:60,1
DA:63,9
DA:65,7
DA:66,1
DA:69,6
DA:70,1
DA:73,5
DA:80,3
DA:82,4
DA:83,4
DA:343,1
DA:344,3
DA:345,3
DA:349,2
DA:350,1
DA:353,1
DA:355,1
DA:356,1
DA:360,1
LF:50
LH:50
BRDA:7,0,0,10
BRDA:7,0,1,10
BRDA:7,0,2,10
BRDA:7,0,3,10
BRDA:13,1,0,1
BRDA:13,1,1,4
BRDA:27,2,0,3
BRDA:27,2,1,1
BRDA:28,3,0,1
BRDA:28,3,1,2
BRDA:35,4,0,1
BRDA:35,4,1,1
BRDA:51,5,0,1
BRDA:51,5,1,11
BRDA:55,6,0,1
BRDA:55,6,1,10
BRDA:59,7,0,1
BRDA:59,7,1,9
BRDA:65,8,0,1
BRDA:65,8,1,6
BRDA:69,9,0,1
BRDA:69,9,1,5
BRDA:83,10,0,4
BRDA:83,10,1,2
BRDA:85,11,0,4
BRDA:85,11,1,1
BRDA:349,12,0,1
BRDA:349,12,1,1
BRF:28
BRH:28
end_of_record
TN:
SF:models\Reservation.js
FN:49,(anonymous_0)
FNF:1
FNH:0
FNDA:0,(anonymous_0)
DA:1,1
DA:2,1
DA:5,1
DA:49,1
DA:50,0
DA:53,1
LF:6
LH:5
BRF:0
BRH:0
end_of_record
TN:
SF:models\Review.js
FN:42,(anonymous_0)
FN:76,(anonymous_1)
FN:80,(anonymous_2)
FNF:3
FNH:0
FNDA:0,(anonymous_0)
FNDA:0,(anonymous_1)
FNDA:0,(anonymous_2)
DA:1,1
DA:3,1
DA:40,1
DA:42,1
DA:43,0
DA:44,0
DA:58,0
DA:59,0
DA:65,0
DA:72,0
DA:76,1
DA:77,0
DA:80,1
DA:81,0
DA:84,1
DA:86,1
LF:16
LH:8
BRDA:58,0,0,0
BRDA:58,0,1,0
BRF:2
BRH:0
end_of_record
